# JRE version: Java(TM) SE Runtime Environment (8.0_45-b14) (build 1.8.0_45-b14)
# Java VM: Java HotSpot(TM) 64-Bit Server VM (25.45-b02 mixed mode windows-amd64 compressed oops)
Heap:
 PSYoungGen      total 2494976K, used 175495K [0x00000006ed300000, 0x00000007c0000000, 0x00000007c0000000)
  eden space 2096128K, 0% used [0x00000006ed300000,0x00000006ed300000,0x000000076d200000)
  from space 398848K, 44% used [0x00000007a7a80000,0x00000007b25e1ed8,0x00000007c0000000)
  to   space 678912K, 0% used [0x000000076d200000,0x000000076d200000,0x0000000796900000)
 ParOldGen       total 4302336K, used 4271955K [0x0000000547800000, 0x00000006ed300000, 0x00000006ed300000)
  object space 4302336K, 99% used [0x0000000547800000,0x000000064c3d4e88,0x000000064e180000)
 Metaspace       used 11967K, capacity 12092K, committed 12160K, reserved 1060864K
  class space    used 1601K, capacity 1618K, committed 1664K, reserved 1048576K
GC Heap History (10 events):
Event: 25.080 GC heap after
Heap after GC invocations=36 (full 1):
 PSYoungGen      total 2980864K, used 304492K [0x00000006ed300000, 0x00000007c0000000, 0x00000007c0000000)
  eden space 2676224K, 0% used [0x00000006ed300000,0x00000006ed300000,0x0000000790880000)
  from space 304640K, 99% used [0x0000000790880000,0x00000007a31db368,0x00000007a3200000)
  to   space 396800K, 0% used [0x00000007a7c80000,0x00000007a7c80000,0x00000007c0000000)
 ParOldGen       total 4302336K, used 3421648K [0x0000000547800000, 0x000000064e180000, 0x00000006ed300000)
  object space 4302336K, 79% used [0x0000000547800000,0x0000000618574248,0x000000064e180000)
 Metaspace       used 11962K, capacity 12092K, committed 12160K, reserved 1060864K
  class space    used 1600K, capacity 1618K, committed 1664K, reserved 1048576K
}
Event: 25.697 GC heap before
{Heap before GC invocations=37 (full 1):
 PSYoungGen      total 2980864K, used 2980716K [0x00000006ed300000, 0x00000007c0000000, 0x00000007c0000000)
  eden space 2676224K, 100% used [0x00000006ed300000,0x0000000790880000,0x0000000790880000)
  from space 304640K, 99% used [0x0000000790880000,0x00000007a31db368,0x00000007a3200000)
  to   space 396800K, 0% used [0x00000007a7c80000,0x00000007a7c80000,0x00000007c0000000)
 ParOldGen       total 4302336K, used 3421648K [0x0000000547800000, 0x000000064e180000, 0x00000006ed300000)
  object space 4302336K, 79% used [0x0000000547800000,0x0000000618574248,0x000000064e180000)
 Metaspace       used 11962K, capacity 12092K, committed 12160K, reserved 1060864K
  class space    used 1600K, capacity 1618K, committed 1664K, reserved 1048576K
Event: 25.813 GC heap after
Heap after GC invocations=37 (full 1):
 PSYoungGen      total 3056128K, used 280548K [0x00000006ed300000, 0x00000007c0000000, 0x00000007c0000000)
  eden space 2659328K, 0% used [0x00000006ed300000,0x00000006ed300000,0x000000078f800000)
  from space 396800K, 70% used [0x00000007a7c80000,0x00000007b8e79358,0x00000007c0000000)
  to   space 397312K, 0% used [0x000000078f800000,0x000000078f800000,0x00000007a7c00000)
 ParOldGen       total 4302336K, used 3664245K [0x0000000547800000, 0x000000064e180000, 0x00000006ed300000)
  object space 4302336K, 85% used [0x0000000547800000,0x000000062725d4c8,0x000000064e180000)
 Metaspace       used 11962K, capacity 12092K, committed 12160K, reserved 1060864K
  class space    used 1600K, capacity 1618K, committed 1664K, reserved 1048576K
}
Event: 26.728 GC heap before
{Heap before GC invocations=38 (full 1):
 PSYoungGen      total 3056128K, used 2303799K [0x00000006ed300000, 0x00000007c0000000, 0x00000007c0000000)
  eden space 2659328K, 76% used [0x00000006ed300000,0x0000000768ad49c0,0x000000078f800000)
  from space 396800K, 70% used [0x00000007a7c80000,0x00000007b8e79358,0x00000007c0000000)
  to   space 397312K, 0% used [0x000000078f800000,0x000000078f800000,0x00000007a7c00000)
 ParOldGen       total 4302336K, used 3664245K [0x0000000547800000, 0x000000064e180000, 0x00000006ed300000)
  object space 4302336K, 85% used [0x0000000547800000,0x000000062725d4c8,0x000000064e180000)
 Metaspace       used 11962K, capacity 12092K, committed 12160K, reserved 1060864K
  class space    used 1600K, capacity 1618K, committed 1664K, reserved 1048576K
Event: 26.784 GC heap after
Heap after GC invocations=38 (full 1):
 PSYoungGen      total 2947584K, used 287810K [0x00000006ed300000, 0x00000007c0000000, 0x00000007c0000000)
  eden space 2659328K, 0% used [0x00000006ed300000,0x00000006ed300000,0x000000078f800000)
  from space 288256K, 99% used [0x000000078f800000,0x00000007a1110978,0x00000007a1180000)
  to   space 398848K, 0% used [0x00000007a7a80000,0x00000007a7a80000,0x00000007c0000000)
 ParOldGen       total 4302336K, used 3725834K [0x0000000547800000, 0x000000064e180000, 0x00000006ed300000)
  object space 4302336K, 86% used [0x0000000547800000,0x000000062ae829c0,0x000000064e180000)
 Metaspace       used 11962K, capacity 12092K, committed 12160K, reserved 1060864K
  class space    used 1600K, capacity 1618K, committed 1664K, reserved 1048576K
}
Event: 26.784 GC heap before
{Heap before GC invocations=39 (full 2):
 PSYoungGen      total 2947584K, used 287810K [0x00000006ed300000, 0x00000007c0000000, 0x00000007c0000000)
  eden space 2659328K, 0% used [0x00000006ed300000,0x00000006ed300000,0x000000078f800000)
  from space 288256K, 99% used [0x000000078f800000,0x00000007a1110978,0x00000007a1180000)
  to   space 398848K, 0% used [0x00000007a7a80000,0x00000007a7a80000,0x00000007c0000000)
 ParOldGen       total 4302336K, used 3725834K [0x0000000547800000, 0x000000064e180000, 0x00000006ed300000)
  object space 4302336K, 86% used [0x0000000547800000,0x000000062ae829c0,0x000000064e180000)
 Metaspace       used 11962K, capacity 12092K, committed 12160K, reserved 1060864K
  class space    used 1600K, capacity 1618K, committed 1664K, reserved 1048576K
Event: 27.066 GC heap after
Heap after GC invocations=39 (full 2):
 PSYoungGen      total 2947584K, used 0K [0x00000006ed300000, 0x00000007c0000000, 0x00000007c0000000)
  eden space 2659328K, 0% used [0x00000006ed300000,0x00000006ed300000,0x000000078f800000)
  from space 288256K, 0% used [0x000000078f800000,0x000000078f800000,0x00000007a1180000)
  to   space 398848K, 0% used [0x00000007a7a80000,0x00000007a7a80000,0x00000007c0000000)
 ParOldGen       total 4302336K, used 3405700K [0x0000000547800000, 0x000000064e180000, 0x00000006ed300000)
  object space 4302336K, 79% used [0x0000000547800000,0x00000006175e1150,0x000000064e180000)
 Metaspace       used 11962K, capacity 12092K, committed 12160K, reserved 1060864K
  class space    used 1600K, capacity 1618K, committed 1664K, reserved 1048576K
}
Event: 27.947 GC heap before
{Heap before GC invocations=40 (full 2):
 PSYoungGen      total 2947584K, used 2659328K [0x00000006ed300000, 0x00000007c0000000, 0x00000007c0000000)
  eden space 2659328K, 100% used [0x00000006ed300000,0x000000078f800000,0x000000078f800000)
  from space 288256K, 0% used [0x000000078f800000,0x000000078f800000,0x00000007a1180000)
  to   space 398848K, 0% used [0x00000007a7a80000,0x00000007a7a80000,0x00000007c0000000)
 ParOldGen       total 4302336K, used 3405700K [0x0000000547800000, 0x000000064e180000, 0x00000006ed300000)
  object space 4302336K, 79% used [0x0000000547800000,0x00000006175e1150,0x000000064e180000)
 Metaspace       used 11967K, capacity 12092K, committed 12160K, reserved 1060864K
  class space    used 1601K, capacity 1618K, committed 1664K, reserved 1048576K
Event: 28.189 GC heap after
Heap after GC invocations=40 (full 2):
 PSYoungGen      total 2494976K, used 398842K [0x00000006ed300000, 0x00000007c0000000, 0x00000007c0000000)
  eden space 2096128K, 0% used [0x00000006ed300000,0x00000006ed300000,0x000000076d200000)
  from space 398848K, 99% used [0x00000007a7a80000,0x00000007bfffe868,0x00000007c0000000)
  to   space 678912K, 0% used [0x000000076d200000,0x000000076d200000,0x0000000796900000)
 ParOldGen       total 4302336K, used 4049870K [0x0000000547800000, 0x000000064e180000, 0x00000006ed300000)
  object space 4302336K, 94% used [0x0000000547800000,0x000000063eaf3960,0x000000064e180000)
 Metaspace       used 11967K, capacity 12092K, committed 12160K, reserved 1060864K
  class space    used 1601K, capacity 1618K, committed 1664K, reserved 1048576K
}
Event: 28.189 GC heap before
{Heap before GC invocations=41 (full 3):
 PSYoungGen      total 2494976K, used 398842K [0x00000006ed300000, 0x00000007c0000000, 0x00000007c0000000)
  eden space 2096128K, 0% used [0x00000006ed300000,0x00000006ed300000,0x000000076d200000)
  from space 398848K, 99% used [0x00000007a7a80000,0x00000007bfffe868,0x00000007c0000000)
  to   space 678912K, 0% used [0x000000076d200000,0x000000076d200000,0x0000000796900000)
 ParOldGen       total 4302336K, used 4049870K [0x0000000547800000, 0x000000064e180000, 0x00000006ed300000)
  object space 4302336K, 94% used [0x0000000547800000,0x000000063eaf3960,0x000000064e180000)
 Metaspace       used 11967K, capacity 12092K, committed 12160K, reserved 1060864K
  class space    used 1601K, capacity 1618K, committed 1664K, reserved 1048576K

